<?xml version="1.0" encoding="UTF-8"?>
<testsuite xmlns:xsi="http://www.w3.org/2001/XMLSchema-instance" xsi:noNamespaceSchemaLocation="https://maven.apache.org/surefire/maven-surefire-plugin/xsd/surefire-test-report.xsd" name="org.test_runner.Test_Runner" time="69.68" tests="42" errors="0" skipped="0" failures="0">
  <properties>
    <property name="sun.desktop" value="windows"/>
    <property name="awt.toolkit" value="sun.awt.windows.WToolkit"/>
    <property name="file.encoding.pkg" value="sun.io"/>
    <property name="java.specification.version" value="1.8"/>
    <property name="sun.cpu.isalist" value="amd64"/>
    <property name="sun.jnu.encoding" value="Cp1252"/>
    <property name="java.class.path" value="E:\Greens Tech Course\seleninum\eclipse-workspace\Adactin_Hotel_Ganesh\target\test-classes;E:\Greens Tech Course\seleninum\eclipse-workspace\Adactin_Hotel_Ganesh\target\classes;C:\Users\JAGADEESH\.m2\repository\junit\junit\4.12\junit-4.12.jar;C:\Users\JAGADEESH\.m2\repository\org\hamcrest\hamcrest-core\1.3\hamcrest-core-1.3.jar;C:\Users\JAGADEESH\.m2\repository\org\seleniumhq\selenium\selenium-java\3.8.0\selenium-java-3.8.0.jar;C:\Users\JAGADEESH\.m2\repository\org\seleniumhq\selenium\selenium-api\3.8.0\selenium-api-3.8.0.jar;C:\Users\JAGADEESH\.m2\repository\org\seleniumhq\selenium\selenium-chrome-driver\3.8.0\selenium-chrome-driver-3.8.0.jar;C:\Users\JAGADEESH\.m2\repository\org\seleniumhq\selenium\selenium-edge-driver\3.8.0\selenium-edge-driver-3.8.0.jar;C:\Users\JAGADEESH\.m2\repository\org\seleniumhq\selenium\selenium-firefox-driver\3.8.0\selenium-firefox-driver-3.8.0.jar;C:\Users\JAGADEESH\.m2\repository\org\seleniumhq\selenium\selenium-ie-driver\3.8.0\selenium-ie-driver-3.8.0.jar;C:\Users\JAGADEESH\.m2\repository\org\seleniumhq\selenium\selenium-opera-driver\3.8.0\selenium-opera-driver-3.8.0.jar;C:\Users\JAGADEESH\.m2\repository\org\seleniumhq\selenium\selenium-remote-driver\3.8.0\selenium-remote-driver-3.8.0.jar;C:\Users\JAGADEESH\.m2\repository\org\seleniumhq\selenium\selenium-safari-driver\3.8.0\selenium-safari-driver-3.8.0.jar;C:\Users\JAGADEESH\.m2\repository\org\seleniumhq\selenium\selenium-support\3.8.0\selenium-support-3.8.0.jar;C:\Users\JAGADEESH\.m2\repository\net\bytebuddy\byte-buddy\1.7.5\byte-buddy-1.7.5.jar;C:\Users\JAGADEESH\.m2\repository\org\apache\commons\commons-exec\1.3\commons-exec-1.3.jar;C:\Users\JAGADEESH\.m2\repository\commons-codec\commons-codec\1.10\commons-codec-1.10.jar;C:\Users\JAGADEESH\.m2\repository\commons-logging\commons-logging\1.2\commons-logging-1.2.jar;C:\Users\JAGADEESH\.m2\repository\com\google\code\gson\gson\2.8.2\gson-2.8.2.jar;C:\Users\JAGADEESH\.m2\repository\com\google\guava\guava\23.0\guava-23.0.jar;C:\Users\JAGADEESH\.m2\repository\com\google\code\findbugs\jsr305\1.3.9\jsr305-1.3.9.jar;C:\Users\JAGADEESH\.m2\repository\com\google\errorprone\error_prone_annotations\2.0.18\error_prone_annotations-2.0.18.jar;C:\Users\JAGADEESH\.m2\repository\com\google\j2objc\j2objc-annotations\1.1\j2objc-annotations-1.1.jar;C:\Users\JAGADEESH\.m2\repository\org\codehaus\mojo\animal-sniffer-annotations\1.14\animal-sniffer-annotations-1.14.jar;C:\Users\JAGADEESH\.m2\repository\org\apache\httpcomponents\httpclient\4.5.3\httpclient-4.5.3.jar;C:\Users\JAGADEESH\.m2\repository\org\apache\httpcomponents\httpcore\4.4.6\httpcore-4.4.6.jar;C:\Users\JAGADEESH\.m2\repository\commons-io\commons-io\2.11.0\commons-io-2.11.0.jar;C:\Users\JAGADEESH\.m2\repository\org\apache\poi\poi\4.1.2\poi-4.1.2.jar;C:\Users\JAGADEESH\.m2\repository\org\apache\commons\commons-collections4\4.4\commons-collections4-4.4.jar;C:\Users\JAGADEESH\.m2\repository\org\apache\commons\commons-math3\3.6.1\commons-math3-3.6.1.jar;C:\Users\JAGADEESH\.m2\repository\com\zaxxer\SparseBitSet\1.2\SparseBitSet-1.2.jar;C:\Users\JAGADEESH\.m2\repository\org\apache\poi\poi-ooxml\4.1.2\poi-ooxml-4.1.2.jar;C:\Users\JAGADEESH\.m2\repository\org\apache\commons\commons-compress\1.19\commons-compress-1.19.jar;C:\Users\JAGADEESH\.m2\repository\com\github\virtuald\curvesapi\1.06\curvesapi-1.06.jar;C:\Users\JAGADEESH\.m2\repository\org\apache\poi\poi-ooxml-schemas\4.1.2\poi-ooxml-schemas-4.1.2.jar;C:\Users\JAGADEESH\.m2\repository\org\apache\xmlbeans\xmlbeans\3.1.0\xmlbeans-3.1.0.jar;C:\Users\JAGADEESH\.m2\repository\info\cukes\cucumber-java\1.2.5\cucumber-java-1.2.5.jar;C:\Users\JAGADEESH\.m2\repository\info\cukes\cucumber-core\1.2.5\cucumber-core-1.2.5.jar;C:\Users\JAGADEESH\.m2\repository\info\cukes\cucumber-html\0.2.3\cucumber-html-0.2.3.jar;C:\Users\JAGADEESH\.m2\repository\info\cukes\cucumber-jvm-deps\1.0.5\cucumber-jvm-deps-1.0.5.jar;C:\Users\JAGADEESH\.m2\repository\info\cukes\gherkin\2.12.2\gherkin-2.12.2.jar;C:\Users\JAGADEESH\.m2\repository\info\cukes\cucumber-junit\1.2.5\cucumber-junit-1.2.5.jar;C:\Users\JAGADEESH\.m2\repository\com\vimalselvam\cucumber-extentsreport\3.0.2\cucumber-extentsreport-3.0.2.jar;C:\Users\JAGADEESH\.m2\repository\com\aventstack\extentreports\3.1.2\extentreports-3.1.2.jar;C:\Users\JAGADEESH\.m2\repository\org\freemarker\freemarker\2.3.23\freemarker-2.3.23.jar;C:\Users\JAGADEESH\.m2\repository\org\mongodb\mongodb-driver\3.3.0\mongodb-driver-3.3.0.jar;C:\Users\JAGADEESH\.m2\repository\org\mongodb\bson\3.3.0\bson-3.3.0.jar;C:\Users\JAGADEESH\.m2\repository\org\mongodb\mongodb-driver-core\3.3.0\mongodb-driver-core-3.3.0.jar;C:\Users\JAGADEESH\.m2\repository\org\apache\httpcomponents\httpmime\4.5.2\httpmime-4.5.2.jar;C:\Users\JAGADEESH\.m2\repository\org\jsoup\jsoup\1.9.2\jsoup-1.9.2.jar;"/>
    <property name="java.vm.vendor" value="Oracle Corporation"/>
    <property name="sun.arch.data.model" value="64"/>
    <property name="user.variant" value=""/>
    <property name="java.vendor.url" value="http://java.oracle.com/"/>
    <property name="user.timezone" value="Asia/Calcutta"/>
    <property name="java.vm.specification.version" value="1.8"/>
    <property name="os.name" value="Windows 10"/>
    <property name="user.country" value="IN"/>
    <property name="sun.java.launcher" value="SUN_STANDARD"/>
    <property name="sun.boot.library.path" value="C:\Program Files\Java\jre1.8.0_291\bin"/>
    <property name="sun.java.command" value="C:\Users\JAGADE~1\AppData\Local\Temp\surefire4050531866676416083\surefirebooter480704138191303321.jar C:\Users\JAGADEESH\AppData\Local\Temp\surefire4050531866676416083 2021-10-05T12-13-20_168-jvmRun1 surefire4418345853334306421tmp surefire_05439410991671848672tmp"/>
    <property name="surefire.test.class.path" value="E:\Greens Tech Course\seleninum\eclipse-workspace\Adactin_Hotel_Ganesh\target\test-classes;E:\Greens Tech Course\seleninum\eclipse-workspace\Adactin_Hotel_Ganesh\target\classes;C:\Users\JAGADEESH\.m2\repository\junit\junit\4.12\junit-4.12.jar;C:\Users\JAGADEESH\.m2\repository\org\hamcrest\hamcrest-core\1.3\hamcrest-core-1.3.jar;C:\Users\JAGADEESH\.m2\repository\org\seleniumhq\selenium\selenium-java\3.8.0\selenium-java-3.8.0.jar;C:\Users\JAGADEESH\.m2\repository\org\seleniumhq\selenium\selenium-api\3.8.0\selenium-api-3.8.0.jar;C:\Users\JAGADEESH\.m2\repository\org\seleniumhq\selenium\selenium-chrome-driver\3.8.0\selenium-chrome-driver-3.8.0.jar;C:\Users\JAGADEESH\.m2\repository\org\seleniumhq\selenium\selenium-edge-driver\3.8.0\selenium-edge-driver-3.8.0.jar;C:\Users\JAGADEESH\.m2\repository\org\seleniumhq\selenium\selenium-firefox-driver\3.8.0\selenium-firefox-driver-3.8.0.jar;C:\Users\JAGADEESH\.m2\repository\org\seleniumhq\selenium\selenium-ie-driver\3.8.0\selenium-ie-driver-3.8.0.jar;C:\Users\JAGADEESH\.m2\repository\org\seleniumhq\selenium\selenium-opera-driver\3.8.0\selenium-opera-driver-3.8.0.jar;C:\Users\JAGADEESH\.m2\repository\org\seleniumhq\selenium\selenium-remote-driver\3.8.0\selenium-remote-driver-3.8.0.jar;C:\Users\JAGADEESH\.m2\repository\org\seleniumhq\selenium\selenium-safari-driver\3.8.0\selenium-safari-driver-3.8.0.jar;C:\Users\JAGADEESH\.m2\repository\org\seleniumhq\selenium\selenium-support\3.8.0\selenium-support-3.8.0.jar;C:\Users\JAGADEESH\.m2\repository\net\bytebuddy\byte-buddy\1.7.5\byte-buddy-1.7.5.jar;C:\Users\JAGADEESH\.m2\repository\org\apache\commons\commons-exec\1.3\commons-exec-1.3.jar;C:\Users\JAGADEESH\.m2\repository\commons-codec\commons-codec\1.10\commons-codec-1.10.jar;C:\Users\JAGADEESH\.m2\repository\commons-logging\commons-logging\1.2\commons-logging-1.2.jar;C:\Users\JAGADEESH\.m2\repository\com\google\code\gson\gson\2.8.2\gson-2.8.2.jar;C:\Users\JAGADEESH\.m2\repository\com\google\guava\guava\23.0\guava-23.0.jar;C:\Users\JAGADEESH\.m2\repository\com\google\code\findbugs\jsr305\1.3.9\jsr305-1.3.9.jar;C:\Users\JAGADEESH\.m2\repository\com\google\errorprone\error_prone_annotations\2.0.18\error_prone_annotations-2.0.18.jar;C:\Users\JAGADEESH\.m2\repository\com\google\j2objc\j2objc-annotations\1.1\j2objc-annotations-1.1.jar;C:\Users\JAGADEESH\.m2\repository\org\codehaus\mojo\animal-sniffer-annotations\1.14\animal-sniffer-annotations-1.14.jar;C:\Users\JAGADEESH\.m2\repository\org\apache\httpcomponents\httpclient\4.5.3\httpclient-4.5.3.jar;C:\Users\JAGADEESH\.m2\repository\org\apache\httpcomponents\httpcore\4.4.6\httpcore-4.4.6.jar;C:\Users\JAGADEESH\.m2\repository\commons-io\commons-io\2.11.0\commons-io-2.11.0.jar;C:\Users\JAGADEESH\.m2\repository\org\apache\poi\poi\4.1.2\poi-4.1.2.jar;C:\Users\JAGADEESH\.m2\repository\org\apache\commons\commons-collections4\4.4\commons-collections4-4.4.jar;C:\Users\JAGADEESH\.m2\repository\org\apache\commons\commons-math3\3.6.1\commons-math3-3.6.1.jar;C:\Users\JAGADEESH\.m2\repository\com\zaxxer\SparseBitSet\1.2\SparseBitSet-1.2.jar;C:\Users\JAGADEESH\.m2\repository\org\apache\poi\poi-ooxml\4.1.2\poi-ooxml-4.1.2.jar;C:\Users\JAGADEESH\.m2\repository\org\apache\commons\commons-compress\1.19\commons-compress-1.19.jar;C:\Users\JAGADEESH\.m2\repository\com\github\virtuald\curvesapi\1.06\curvesapi-1.06.jar;C:\Users\JAGADEESH\.m2\repository\org\apache\poi\poi-ooxml-schemas\4.1.2\poi-ooxml-schemas-4.1.2.jar;C:\Users\JAGADEESH\.m2\repository\org\apache\xmlbeans\xmlbeans\3.1.0\xmlbeans-3.1.0.jar;C:\Users\JAGADEESH\.m2\repository\info\cukes\cucumber-java\1.2.5\cucumber-java-1.2.5.jar;C:\Users\JAGADEESH\.m2\repository\info\cukes\cucumber-core\1.2.5\cucumber-core-1.2.5.jar;C:\Users\JAGADEESH\.m2\repository\info\cukes\cucumber-html\0.2.3\cucumber-html-0.2.3.jar;C:\Users\JAGADEESH\.m2\repository\info\cukes\cucumber-jvm-deps\1.0.5\cucumber-jvm-deps-1.0.5.jar;C:\Users\JAGADEESH\.m2\repository\info\cukes\gherkin\2.12.2\gherkin-2.12.2.jar;C:\Users\JAGADEESH\.m2\repository\info\cukes\cucumber-junit\1.2.5\cucumber-junit-1.2.5.jar;C:\Users\JAGADEESH\.m2\repository\com\vimalselvam\cucumber-extentsreport\3.0.2\cucumber-extentsreport-3.0.2.jar;C:\Users\JAGADEESH\.m2\repository\com\aventstack\extentreports\3.1.2\extentreports-3.1.2.jar;C:\Users\JAGADEESH\.m2\repository\org\freemarker\freemarker\2.3.23\freemarker-2.3.23.jar;C:\Users\JAGADEESH\.m2\repository\org\mongodb\mongodb-driver\3.3.0\mongodb-driver-3.3.0.jar;C:\Users\JAGADEESH\.m2\repository\org\mongodb\bson\3.3.0\bson-3.3.0.jar;C:\Users\JAGADEESH\.m2\repository\org\mongodb\mongodb-driver-core\3.3.0\mongodb-driver-core-3.3.0.jar;C:\Users\JAGADEESH\.m2\repository\org\apache\httpcomponents\httpmime\4.5.2\httpmime-4.5.2.jar;C:\Users\JAGADEESH\.m2\repository\org\jsoup\jsoup\1.9.2\jsoup-1.9.2.jar;"/>
    <property name="sun.cpu.endian" value="little"/>
    <property name="user.home" value="C:\Users\JAGADEESH"/>
    <property name="user.language" value="en"/>
    <property name="java.specification.vendor" value="Oracle Corporation"/>
    <property name="java.home" value="C:\Program Files\Java\jre1.8.0_291"/>
    <property name="basedir" value="E:\Greens Tech Course\seleninum\eclipse-workspace\Adactin_Hotel_Ganesh"/>
    <property name="file.separator" value="\"/>
    <property name="line.separator" value="&#10;"/>
    <property name="java.vm.specification.vendor" value="Oracle Corporation"/>
    <property name="java.specification.name" value="Java Platform API Specification"/>
    <property name="java.awt.graphicsenv" value="sun.awt.Win32GraphicsEnvironment"/>
    <property name="surefire.real.class.path" value="C:\Users\JAGADE~1\AppData\Local\Temp\surefire4050531866676416083\surefirebooter480704138191303321.jar"/>
    <property name="sun.boot.class.path" value="C:\Program Files\Java\jre1.8.0_291\lib\resources.jar;C:\Program Files\Java\jre1.8.0_291\lib\rt.jar;C:\Program Files\Java\jre1.8.0_291\lib\sunrsasign.jar;C:\Program Files\Java\jre1.8.0_291\lib\jsse.jar;C:\Program Files\Java\jre1.8.0_291\lib\jce.jar;C:\Program Files\Java\jre1.8.0_291\lib\charsets.jar;C:\Program Files\Java\jre1.8.0_291\lib\jfr.jar;C:\Program Files\Java\jre1.8.0_291\classes"/>
    <property name="user.script" value=""/>
    <property name="sun.management.compiler" value="HotSpot 64-Bit Tiered Compilers"/>
    <property name="java.runtime.version" value="1.8.0_291-b10"/>
    <property name="user.name" value="JAGADEESH"/>
    <property name="path.separator" value=";"/>
    <property name="os.version" value="10.0"/>
    <property name="java.endorsed.dirs" value="C:\Program Files\Java\jre1.8.0_291\lib\endorsed"/>
    <property name="java.runtime.name" value="Java(TM) SE Runtime Environment"/>
    <property name="file.encoding" value="Cp1252"/>
    <property name="java.vm.name" value="Java HotSpot(TM) 64-Bit Server VM"/>
    <property name="localRepository" value="C:\Users\JAGADEESH\.m2\repository"/>
    <property name="java.vendor.url.bug" value="http://bugreport.sun.com/bugreport/"/>
    <property name="java.io.tmpdir" value="C:\Users\JAGADE~1\AppData\Local\Temp\"/>
    <property name="java.version" value="1.8.0_291"/>
    <property name="user.dir" value="E:\Greens Tech Course\seleninum\eclipse-workspace\Adactin_Hotel_Ganesh"/>
    <property name="os.arch" value="amd64"/>
    <property name="java.vm.specification.name" value="Java Virtual Machine Specification"/>
    <property name="java.awt.printerjob" value="sun.awt.windows.WPrinterJob"/>
    <property name="sun.os.patch.level" value=""/>
    <property name="java.library.path" value="C:\Program Files\Java\jre1.8.0_291\bin;C:\Windows\Sun\Java\bin;C:\Windows\system32;C:\Windows;C:/Program Files/Java/jre1.8.0_291/bin/server;C:/Program Files/Java/jre1.8.0_291/bin;C:/Program Files/Java/jre1.8.0_291/lib/amd64;C:\Program Files (x86)\Common Files\Oracle\Java\javapath;C:\ProgramData\Oracle\Java\javapath;C:\Windows\system32;C:\Windows;C:\Windows\System32\Wbem;C:\Windows\System32\WindowsPowerShell\v1.0\;C:\Windows\System32\OpenSSH\;C:\Program Files (x86)\Brackets\command;C:\Program Files\PuTTY\;C:\Program Files\Amazon\AWSCLIV2\;E:\Greens Tech Course\Manual Test\Tool\apache-maven-3.8.2\bin;C:\Program Files\Git\cmd;C:\Users\JAGADEESH\AppData\Local\Microsoft\WindowsApps;C:\Program Files\Java\jdk1.8.0_291\bin;C:\Users\JAGADEESH\AppData\Local\GitHubDesktop\bin;;C:\Users\JAGADEESH\eclipse\java-2019-06\eclipse;;."/>
    <property name="java.vm.info" value="mixed mode"/>
    <property name="java.vendor" value="Oracle Corporation"/>
    <property name="java.vm.version" value="25.291-b10"/>
    <property name="java.ext.dirs" value="C:\Program Files\Java\jre1.8.0_291\lib\ext;C:\Windows\Sun\Java\lib\ext"/>
    <property name="sun.io.unicode.encoding" value="UnicodeLittle"/>
    <property name="java.class.version" value="52.0"/>
  </properties>
  <testcase name="Given user Launch The Adactin Application" classname="| Test1 | pass1 |" time="0.011"/>
  <testcase name="When user Enter The &quot;Test1&quot; In Username Field" classname="| Test1 | pass1 |" time="0"/>
  <testcase name="And user Enter The &quot;pass1&quot; In Password Field" classname="| Test1 | pass1 |" time="0"/>
  <testcase name="Then user Click The Login Button To Navigate The Search Hotel Page" classname="| Test1 | pass1 |" time="0"/>
  <testcase name="| Test1 | pass1 |" classname="| Test1 | pass1 |" time="0.009"/>
  <testcase name="Given user Launch The Adactin Application" classname="| jagadeesh007 | Jaga@007 |" time="0"/>
  <testcase name="When user Enter The &quot;jagadeesh007&quot; In Username Field" classname="| jagadeesh007 | Jaga@007 |" time="0"/>
  <testcase name="And user Enter The &quot;Jaga@007&quot; In Password Field" classname="| jagadeesh007 | Jaga@007 |" time="0"/>
  <testcase name="Then user Click The Login Button To Navigate The Search Hotel Page" classname="| jagadeesh007 | Jaga@007 |" time="0"/>
  <testcase name="| jagadeesh007 | Jaga@007 |" classname="| jagadeesh007 | Jaga@007 |" time="0.008"/>
  <testcase name="Given user Launch The Adactin Application" classname="| DevilGanesh | devil1429 |" time="0"/>
  <testcase name="When user Enter The &quot;DevilGanesh&quot; In Username Field" classname="| DevilGanesh | devil1429 |" time="0"/>
  <testcase name="And user Enter The &quot;devil1429&quot; In Password Field" classname="| DevilGanesh | devil1429 |" time="0"/>
  <testcase name="Then user Click The Login Button To Navigate The Search Hotel Page" classname="| DevilGanesh | devil1429 |" time="0"/>
  <testcase name="| DevilGanesh | devil1429 |" classname="| DevilGanesh | devil1429 |" time="0.04"/>
  <testcase name="When user Select The Hotel &quot;New York&quot;" classname="Scenario: Search Hotel Page" time="0"/>
  <testcase name="And user Select The &quot;Hotel Sunshine&quot;" classname="Scenario: Search Hotel Page" time="0"/>
  <testcase name="And user Select The Room Type" classname="Scenario: Search Hotel Page" time="0"/>
  <testcase name="And user Select The Number Of Rooms" classname="Scenario: Search Hotel Page" time="0"/>
  <testcase name="And user Enter The Check In Date" classname="Scenario: Search Hotel Page" time="0"/>
  <testcase name="And User Enter The Check Out Date" classname="Scenario: Search Hotel Page" time="0"/>
  <testcase name="And user Select The Adults Per Room" classname="Scenario: Search Hotel Page" time="0"/>
  <testcase name="And user Select The Children Per Room" classname="Scenario: Search Hotel Page" time="0"/>
  <testcase name="Then user Click The Search Button To Navigate The Select Hotel Page" classname="Scenario: Search Hotel Page" time="0"/>
  <testcase name="Scenario: Search Hotel Page" classname="Scenario: Search Hotel Page" time="0.025"/>
  <testcase name="When user Click To Select The Hotel" classname="Scenario: Select Hotel Page" time="0"/>
  <testcase name="Then user Click The Continue Button To Navigate The BooK Hotel" classname="Scenario: Select Hotel Page" time="0.016"/>
  <testcase name="Scenario: Select Hotel Page" classname="Scenario: Select Hotel Page" time="0.037"/>
  <testcase name="When user Enter The First Name In First Name Field" classname="Scenario: Book Hotel Page" time="0"/>
  <testcase name="And user Enter The Last Name In Last Name Field" classname="Scenario: Book Hotel Page" time="0"/>
  <testcase name="And user Enter The Address In Address Field" classname="Scenario: Book Hotel Page" time="0"/>
  <testcase name="And user Enter The Credit Card No IN Credit Card Field" classname="Scenario: Book Hotel Page" time="0"/>
  <testcase name="And user Select The Card Type" classname="Scenario: Book Hotel Page" time="0"/>
  <testcase name="And user Select The Expiry Month" classname="Scenario: Book Hotel Page" time="0"/>
  <testcase name="And user Select The Expiry Year" classname="Scenario: Book Hotel Page" time="0"/>
  <testcase name="And user Enter The Cvv Number In Cvv Field" classname="Scenario: Book Hotel Page" time="0"/>
  <testcase name="Then user Click The Book Now Button To Navigate The Booking Confirm Page" classname="Scenario: Book Hotel Page" time="0"/>
  <testcase name="Scenario: Book Hotel Page" classname="Scenario: Book Hotel Page" time="0.025"/>
  <testcase name="Then user Click The My Itinerary Button To Navigate Booked Itinerary Page" classname="Scenario: Booking Confirm Page" time="0"/>
  <testcase name="Scenario: Booking Confirm Page" classname="Scenario: Booking Confirm Page" time="0.006"/>
  <testcase name="Then user Click The Logout Button To Logout The Our Account" classname="Scenario: Booked Itinerary Page" time="0"/>
  <testcase name="Scenario: Booked Itinerary Page" classname="Scenario: Booked Itinerary Page" time="0.008"/>
</testsuite>