<?xml version="1.0" encoding="UTF-8"?>
<!-- Generated by org.testng.reporters.JUnitReportReporter -->
<testsuite skipped="0" hostname="Jagadeesh2" name="org.TestNG_file.TestNg_Project" tests="5" failures="0" timestamp="2021-10-05T12:54:36 IST" time="29.380" errors="0">
  <testcase name="home_Page" time="6.548" classname="org.TestNG_file.TestNg_Project"/>
  <system-out/>
  <testcase name="search_hotel" time="5.616" classname="org.TestNG_file.TestNg_Project"/>
  <system-out/>
  <testcase name="select_Hotel" time="2.086" classname="org.TestNG_file.TestNg_Project"/>
  <system-out/>
  <testcase name="book_Now" time="4.094" classname="org.TestNG_file.TestNg_Project"/>
  <system-out/>
  <testcase name="book_Confirm" time="11.036" classname="org.TestNG_file.TestNg_Project"/>
  <system-out/>
</testsuite> <!-- org.TestNG_file.TestNg_Project -->
